[debug] > Exec(early(addDefaultCommands), None, None)
[debug] > Exec(addDefaultCommands, None, None)
[debug] > Exec(early(initialize), None, None)
[debug] > Exec(initialize, None, None)
[debug] > Exec(boot, None, None)
[debug] > Exec(writeSbtVersion, None, None)
[debug] > Exec(reload, None, None)
[debug] > Exec(sbtStashOnFailure, None, None)
[debug] > Exec(onFailure loadFailed, None, None)
[debug] > Exec(loadp, None, None)
[info] welcome to sbt 1.9.8 (Oracle Corporation Java 17.0.2)
[debug] Load.defaultLoad until apply took 43.940584ms
[debug]           Load.loadUnit: plugins took 48.113959ms
[debug]           Load.loadUnit: defsScala took 0.176459ms
[debug] [Loading] Scanning directory /Users/andrelucas/Projects/coursera-scala/effective-scala/project
[debug] [Loading] Found non-root projects 
[debug] [Loading] Done in /Users/andrelucas/Projects/coursera-scala/effective-scala/project, returning: ()
[debug] deducing auto plugins based on known facts Set(Atom(sbt.plugins.CorePlugin)) and clauses Clauses(Clause(Atom(sbt.plugins.JvmPlugin),Set(Atom(sbt.plugins.IvyPlugin)))
[debug] Clause(Atom(sbt.ScriptedPlugin),Set(Atom(sbt.plugins.JvmPlugin)))
[debug] Clause(Atom(sbt.plugins.SbtPlugin),Set(Atom(sbt.ScriptedPlugin)))
[debug] Clause(Atom(sbt.plugins.SemanticdbPlugin),Set(Atom(sbt.plugins.JvmPlugin)))
[debug] Clause(Atom(sbt.plugins.JUnitXmlReportPlugin),Set(Atom(sbt.plugins.JvmPlugin)))
[debug] Clause(Atom(sbt.plugins.MiniDependencyTreePlugin),Set(Atom(sbt.plugins.JvmPlugin)))
[debug] Clause(Atom(sbt.plugins.CorePlugin),Set(Atom(sbt.plugins.IvyPlugin)))
[debug] Clause(Atom(sbt.plugins.IvyPlugin),Set(Atom(sbt.plugins.JvmPlugin)))
[debug] Clause(Atom(sbt.plugins.JvmPlugin),Set(Atom(sbt.plugins.SemanticdbPlugin)))
[debug] Clause(Atom(sbt.plugins.JvmPlugin),Set(Atom(sbt.plugins.JUnitXmlReportPlugin)))
[debug] Clause(Atom(sbt.plugins.CorePlugin),Set(Atom(sbt.plugins.Giter8TemplatePlugin)))
[debug] Clause(Atom(sbt.plugins.JvmPlugin),Set(Atom(sbt.plugins.MiniDependencyTreePlugin))))
[debug]   :: deduced result: Matched(sbt.plugins.CorePlugin,sbt.plugins.Giter8TemplatePlugin,sbt.plugins.IvyPlugin,sbt.plugins.JvmPlugin,sbt.plugins.MiniDependencyTreePlugin,sbt.plugins.JUnitXmlReportPlugin,sbt.plugins.SemanticdbPlugin)
[debug] Plugins.deducer#function took 12.71025 ms
[debug]               Load.resolveProject(effective-scala-build) took 27.596542ms
[debug]             Load.loadTransitive: finalizeProject(Project(id effective-scala-build, base: /Users/andrelucas/Projects/coursera-scala/effective-scala/project, plugins: List(<none>))) took 55.049875ms
[debug] [Loading] Done in /Users/andrelucas/Projects/coursera-scala/effective-scala/project, returning: (effective-scala-build)
[debug]           Load.loadUnit: loadedProjectsRaw took 67.280541ms
[debug]           Load.loadUnit: cleanEvalClasses took 0.097542ms
[debug]         Load.loadUnit(file:/Users/andrelucas/Projects/coursera-scala/effective-scala/project/, ...) took 118.439417ms
[debug]       Load.apply: load took 985.8ms
[debug]       Load.apply: resolveProjects took 2.943208ms
[debug]       Load.apply: finalTransforms took 45.220584ms
[debug]       Load.apply: config.delegates took 3.273583ms
[debug]       Load.apply: Def.make(settings)... took 322.9685ms
[debug]       Load.apply: structureIndex took 69.967125ms
[debug]       Load.apply: mkStreams took 1.377959ms
[info] loading project definition from /Users/andrelucas/Projects/coursera-scala/effective-scala/project
[debug] Running task... Cancel: Signal, check cycles: false, forcegc: true
[warn] scala-xml_2.12-2.1.0.jar no longer exists at /Users/andrelucas/Library/Caches/Coursier/v1/https/repo1.maven.org/maven2/org/scala-lang/modules/scala-xml_2.12/2.1.0/scala-xml_2.12-2.1.0.jar
[debug] Forcing garbage collection...
[debug]     Load.loadUnit: plugins took 669457.205291ms
[debug]     Load.loadUnit: defsScala took 0.001083ms
[debug] [Loading] Scanning directory /Users/andrelucas/Projects/coursera-scala/effective-scala
[debug]       Load.loadUnit: mkEval took 3.03575ms
[debug] [Loading] Found root project root w/ remaining 
[debug] deducing auto plugins based on known facts Set(Atom(sbt.plugins.CorePlugin)) and clauses Clauses(Clause(Atom(sbt.plugins.JvmPlugin),Set(Atom(sbt.plugins.IvyPlugin)))
[debug] Clause(Atom(sbt.ScriptedPlugin),Set(Atom(sbt.plugins.JvmPlugin)))
[debug] Clause(Atom(sbt.plugins.SbtPlugin),Set(Atom(sbt.ScriptedPlugin)))
[debug] Clause(Atom(sbt.plugins.SemanticdbPlugin),Set(Atom(sbt.plugins.JvmPlugin)))
[debug] Clause(Atom(sbt.plugins.JUnitXmlReportPlugin),Set(Atom(sbt.plugins.JvmPlugin)))
[debug] Clause(Atom(sbt.plugins.MiniDependencyTreePlugin),Set(Atom(sbt.plugins.JvmPlugin)))
[debug] Clause(Atom(sbt.plugins.CorePlugin),Set(Atom(sbt.plugins.IvyPlugin)))
[debug] Clause(Atom(sbt.plugins.IvyPlugin),Set(Atom(sbt.plugins.JvmPlugin)))
[debug] Clause(Atom(sbt.plugins.JvmPlugin),Set(Atom(sbt.plugins.SemanticdbPlugin)))
[debug] Clause(Atom(sbt.plugins.JvmPlugin),Set(Atom(sbt.plugins.JUnitXmlReportPlugin)))
[debug] Clause(Atom(sbt.plugins.CorePlugin),Set(Atom(sbt.plugins.Giter8TemplatePlugin)))
[debug] Clause(Atom(sbt.plugins.JvmPlugin),Set(Atom(sbt.plugins.MiniDependencyTreePlugin))))
[debug]   :: deduced result: Matched(sbt.plugins.CorePlugin,sbt.plugins.Giter8TemplatePlugin,sbt.plugins.IvyPlugin,sbt.plugins.JvmPlugin,sbt.plugins.MiniDependencyTreePlugin,sbt.plugins.JUnitXmlReportPlugin,sbt.plugins.SemanticdbPlugin)
[debug] Plugins.deducer#function took 0.943584 ms
[info] loading settings for project root from build.sbt ...
[debug]         Load.resolveProject(root) took 1.204083ms
[debug]       Load.loadTransitive: finalizeProject(Project(id root, base: /Users/andrelucas/Projects/coursera-scala/effective-scala, plugins: List(<none>))) took 2.606917ms
[debug] [Loading] Done in /Users/andrelucas/Projects/coursera-scala/effective-scala, returning: (root)
[debug]     Load.loadUnit: loadedProjectsRaw took 56.758083ms
[debug]     Load.loadUnit: cleanEvalClasses took 1.9425ms
[debug]   Load.loadUnit(file:/Users/andrelucas/Projects/coursera-scala/effective-scala/, ...) took 669516.615958ms
[debug] Load.apply: load took 669524.816875ms
[debug] Load.apply: resolveProjects took 0.052ms
[debug] Load.apply: finalTransforms took 6.3065ms
[debug] Load.apply: config.delegates took 0.182125ms
[debug] Load.apply: Def.make(settings)... took 43.658875ms
[debug] Load.apply: structureIndex took 13.291167ms
[debug] Load.apply: mkStreams took 0.001625ms
[info] set current project to effective-scala (in build file:/Users/andrelucas/Projects/coursera-scala/effective-scala/)
[debug] > Exec(sbtPopOnFailure, None, None)
[debug] > Exec(resumeFromFailure, None, None)
[debug] > Exec(notifyUsersAboutShell, None, None)
[debug] > Exec(iflast shell, None, None)
[debug] > Exec(shell, None, None)
[info] sbt server started at local:///Users/andrelucas/.sbt/1.0/server/99c6dd45128014c35507/sock
[debug] Writing bsp connection file
[info] started sbt server
