[debug] > Exec(;set _root_.scala.collection.Seq(historyPath := None,shellPrompt := { _ => "" },SettingKey[_root_.scala.Option[_root_.sbt.File]]("sbtStructureOutputFile") in _root_.sbt.Global := _root_.scala.Some(_root_.sbt.file("/private/var/folders/qj/9tp_fhqd4wq7g6j_rcdx3hjm0000gn/T/sbt-structure.xml")),SettingKey[_root_.java.lang.String]("sbtStructureOptions") in _root_.sbt.Global := "download, resolveClassifiers, insertProjectTransitiveDependencies");apply -cp "/Users/andrelucas/Library/Application Support/JetBrains/IntelliJIdea2023.3/plugins/Scala/repo/org/jetbrains/scala/sbt-structure-extractor_2.12_1.3/2023.3.2/sbt-structure-extractor-2023.3.2.jar" org.jetbrains.sbt.CreateTasks;preferScala2;*/*:dumpStructure, Some(79e29ba1-cac7-4ee9-a2d4-27fb9b919a4f), Some(CommandSource(console0)))
[debug] > Exec(set _root_.scala.collection.Seq(historyPath := None,shellPrompt := { _ => "" },SettingKey[_root_.scala.Option[_root_.sbt.File]]("sbtStructureOutputFile") in _root_.sbt.Global := _root_.scala.Some(_root_.sbt.file("/private/var/folders/qj/9tp_fhqd4wq7g6j_rcdx3hjm0000gn/T/sbt-structure.xml")),SettingKey[_root_.java.lang.String]("sbtStructureOptions") in _root_.sbt.Global := "download, resolveClassifiers, insertProjectTransitiveDependencies"), None, Some(CommandSource(console0)))
[info] Defining Global / sbtStructureOptions, Global / sbtStructureOutputFile and 1 others.
[info] The new values will be used by cleanKeepGlobs
[info] 	Run `last` for details.
[debug] Defining 
[debug] 	Global / sbtStructureOptions
[debug] 	Global / sbtStructureOutputFile
[debug] 	history
[debug] 	shellPrompt
[debug] 
[debug] The new values will be used by 
[debug] 	cleanKeepGlobs
[info] Reapplying settings...
[info] set current project to effective-scala (in build file:/Users/andrelucas/Projects/coursera-scala/effective-scala/)
[debug] > Exec(apply -cp "/Users/andrelucas/Library/Application Support/JetBrains/IntelliJIdea2023.3/plugins/Scala/repo/org/jetbrains/scala/sbt-structure-extractor_2.12_1.3/2023.3.2/sbt-structure-extractor-2023.3.2.jar" org.jetbrains.sbt.CreateTasks, None, Some(CommandSource(console0)))
[info] Applying State transformations org.jetbrains.sbt.CreateTasks from /Users/andrelucas/Library/Application Support/JetBrains/IntelliJIdea2023.3/plugins/Scala/repo/org/jetbrains/scala/sbt-structure-extractor_2.12_1.3/2023.3.2/sbt-structure-extractor-2023.3.2.jar
[info] Reapplying settings...
[info] set current project to effective-scala (in build file:/Users/andrelucas/Projects/coursera-scala/effective-scala/)
[debug] > Exec(preferScala2, None, Some(CommandSource(console0)))
[debug] > Exec(*/*:dumpStructure, None, Some(CommandSource(console0)))
[debug] Evaluating tasks: Global / dumpStructure
[warn] sbt 0.13 shell syntax is deprecated; use slash syntax instead: Global / dumpStructure
[debug] Running task... Cancel: Signal, check cycles: false, forcegc: true
[warn] scala3-library_3-3.3.1.jar no longer exists at /Users/andrelucas/Library/Caches/Coursier/v1/https/repo1.maven.org/maven2/org/scala-lang/scala3-library_3/3.3.1/scala3-library_3-3.3.1.jar
[warn] scala3-library_3-3.3.1-sources.jar no longer exists at /Users/andrelucas/Library/Caches/Coursier/v1/https/repo1.maven.org/maven2/org/scala-lang/scala3-library_3/3.3.1/scala3-library_3-3.3.1-sources.jar
[info] shutting down sbt server
